2023-08-06 03:41:56.467411 - Initialized conversion of CBT369
2023-08-06 03:41:57.227263 - Received CBT.V505.FILE369.PDS from FILE369.XMI 
2023-08-06 03:41:57.229762 - Found $$$#DATE.txt (text/plain) in CBT.V505.FILE369.PDS, moved to PDS/$$$#DATE
2023-08-06 03:41:57.230720 - Found $$DOC.txt (text/plain) in CBT.V505.FILE369.PDS, moved to PDS/$$DOC
2023-08-06 03:41:57.231712 - Found $$DVICK.txt (text/plain) in CBT.V505.FILE369.PDS, moved to PDS/$$DVICK
2023-08-06 03:41:57.232706 - Found $$NWKDOC.txt (text/plain) in CBT.V505.FILE369.PDS, moved to PDS/$$NWKDOC
2023-08-06 03:41:57.233654 - Found @FILE369.txt (text/plain) in CBT.V505.FILE369.PDS, moved to PDS/@FILE369
2023-08-06 03:41:57.234585 - Found AC#VIOX.txt (text/plain) in CBT.V505.FILE369.PDS, moved to PDS/AC#VIOX
2023-08-06 03:41:57.235543 - Found ADAEX2.txt (text/plain) in CBT.V505.FILE369.PDS, moved to PDS/ADAEX2
2023-08-06 03:41:57.236416 - Found ASMTOZAP.txt (text/plain) in CBT.V505.FILE369.PDS, moved to PDS/ASMTOZAP
2023-08-06 03:41:57.237307 - Found AUTOIPL.txt (text/plain) in CBT.V505.FILE369.PDS, moved to PDS/AUTOIPL
2023-08-06 03:41:57.238247 - Found BITENCOD.txt (text/plain) in CBT.V505.FILE369.PDS, moved to PDS/BITENCOD
2023-08-06 03:41:57.239192 - Found CALENDAR.txt (text/plain) in CBT.V505.FILE369.PDS, moved to PDS/CALENDAR
2023-08-06 03:41:57.240105 - Found CALENJCL.jcl (text/plain) in CBT.V505.FILE369.PDS, moved to PDS/CALENJCL
2023-08-06 03:41:57.241049 - Found CLIB.txt (text/plain) in CBT.V505.FILE369.PDS, moved to PDS/CLIB
2023-08-06 03:41:57.241954 - Found COMMAND.txt (text/plain) in CBT.V505.FILE369.PDS, moved to PDS/COMMAND
2023-08-06 03:41:57.242928 - Found DOC$CHGS.txt (text/plain) in CBT.V505.FILE369.PDS, moved to PDS/DOC$CHGS
2023-08-06 03:41:57.243927 - Found DOPROG.txt (text/plain) in CBT.V505.FILE369.PDS, moved to PDS/DOPROG
2023-08-06 03:41:57.244851 - Found DSIEX04.txt (text/plain) in CBT.V505.FILE369.PDS, moved to PDS/DSIEX04
2023-08-06 03:41:57.245820 - Found DSNPOST.txt (text/plain) in CBT.V505.FILE369.PDS, moved to PDS/DSNPOST
2023-08-06 03:41:57.246801 - Found DSNWAIT.txt (text/plain) in CBT.V505.FILE369.PDS, moved to PDS/DSNWAIT
2023-08-06 03:41:57.247848 - Found DSPACE.txt (text/plain) in CBT.V505.FILE369.PDS, moved to PDS/DSPACE
2023-08-06 03:41:57.248860 - Found DSPACE@.txt (text/plain) in CBT.V505.FILE369.PDS, moved to PDS/DSPACE@
2023-08-06 03:41:57.249812 - Found DSPACEH.txt (text/plain) in CBT.V505.FILE369.PDS, moved to PDS/DSPACEH
2023-08-06 03:41:57.250750 - Found DSPACEOL.txt (text/plain) in CBT.V505.FILE369.PDS, moved to PDS/DSPACEOL
2023-08-06 03:41:57.251688 - Found ENQWAIT.txt (text/plain) in CBT.V505.FILE369.PDS, moved to PDS/ENQWAIT
2023-08-06 03:41:57.252526 - Found FDSPACE.txt (text/plain) in CBT.V505.FILE369.PDS, moved to PDS/FDSPACE
2023-08-06 03:41:57.253404 - Found FDSPACEP.txt (text/plain) in CBT.V505.FILE369.PDS, moved to PDS/FDSPACEP
2023-08-06 03:41:57.254371 - Found FDS00.txt (text/plain) in CBT.V505.FILE369.PDS, moved to PDS/FDS00
2023-08-06 03:41:57.255328 - Found FSAS.txt (text/plain) in CBT.V505.FILE369.PDS, moved to PDS/FSAS
2023-08-06 03:41:57.256235 - Found FSASCMD.txt (text/plain) in CBT.V505.FILE369.PDS, moved to PDS/FSASCMD
2023-08-06 03:41:57.257140 - Found FSASDOC.txt (text/plain) in CBT.V505.FILE369.PDS, moved to PDS/FSASDOC
2023-08-06 03:41:57.258042 - Found FSASEMAC.txt (text/plain) in CBT.V505.FILE369.PDS, moved to PDS/FSASEMAC
2023-08-06 03:41:57.258950 - Found FSASP.txt (text/plain) in CBT.V505.FILE369.PDS, moved to PDS/FSASP
2023-08-06 03:41:57.259819 - Found FSAS00.txt (text/plain) in CBT.V505.FILE369.PDS, moved to PDS/FSAS00
2023-08-06 03:41:57.260722 - Found HEX.txt (text/plain) in CBT.V505.FILE369.PDS, moved to PDS/HEX
2023-08-06 03:41:57.261775 - Found IEFACTRT.txt (text/plain) in CBT.V505.FILE369.PDS, moved to PDS/IEFACTRT
2023-08-06 03:41:57.262720 - Found IEFUSI.txt (text/plain) in CBT.V505.FILE369.PDS, moved to PDS/IEFUSI
2023-08-06 03:41:57.263813 - Found IGC0022F.txt (text/plain) in CBT.V505.FILE369.PDS, moved to PDS/IGC0022F
2023-08-06 03:41:57.264833 - Found IKJEFF10.txt (text/plain) in CBT.V505.FILE369.PDS, moved to PDS/IKJEFF10
2023-08-06 03:41:57.265750 - Found IKJEFF53.txt (text/plain) in CBT.V505.FILE369.PDS, moved to PDS/IKJEFF53
2023-08-06 03:41:57.266670 - Found INITL.txt (text/plain) in CBT.V505.FILE369.PDS, moved to PDS/INITL
2023-08-06 03:41:57.267651 - Found ISFUSER.txt (text/plain) in CBT.V505.FILE369.PDS, moved to PDS/ISFUSER
2023-08-06 03:41:57.268530 - Found ISPFPRTO.txt (text/plain) in CBT.V505.FILE369.PDS, moved to PDS/ISPFPRTO
2023-08-06 03:41:57.269457 - Found ISRBROBF.txt (text/plain) in CBT.V505.FILE369.PDS, moved to PDS/ISRBROBF
2023-08-06 03:41:57.270348 - Found ISREDDE.txt (text/plain) in CBT.V505.FILE369.PDS, moved to PDS/ISREDDE
2023-08-06 03:41:57.271232 - Found ISRPID.txt (text/plain) in CBT.V505.FILE369.PDS, moved to PDS/ISRPID
2023-08-06 03:41:57.272132 - Found ISRP22.txt (text/plain) in CBT.V505.FILE369.PDS, moved to PDS/ISRP22
2023-08-06 03:41:57.273016 - Found ISRUDLP.txt (text/plain) in CBT.V505.FILE369.PDS, moved to PDS/ISRUDLP
2023-08-06 03:41:57.273943 - Found ISRUOL.txt (text/plain) in CBT.V505.FILE369.PDS, moved to PDS/ISRUOL
2023-08-06 03:41:57.274826 - Found ISRUOLP.txt (text/plain) in CBT.V505.FILE369.PDS, moved to PDS/ISRUOLP
2023-08-06 03:41:57.275719 - Found ISTAUCAG.txt (text/plain) in CBT.V505.FILE369.PDS, moved to PDS/ISTAUCAG
2023-08-06 03:41:57.276620 - Found JESXIT9.txt (text/plain) in CBT.V505.FILE369.PDS, moved to PDS/JESXIT9
2023-08-06 03:41:57.277555 - Found LM00501.txt (text/plain) in CBT.V505.FILE369.PDS, moved to PDS/LM00501
2023-08-06 03:41:57.278469 - Found LM01603.txt (text/plain) in CBT.V505.FILE369.PDS, moved to PDS/LM01603
2023-08-06 03:41:57.279353 - Found LM023ASM.jcl (text/plain) in CBT.V505.FILE369.PDS, moved to PDS/LM023ASM
2023-08-06 03:41:57.280224 - Found LM023INS.txt (text/plain) in CBT.V505.FILE369.PDS, moved to PDS/LM023INS
2023-08-06 03:41:57.281151 - Found LM023LNK.txt (text/plain) in CBT.V505.FILE369.PDS, moved to PDS/LM023LNK
2023-08-06 03:41:57.282158 - Found LM023ZAP.txt (text/plain) in CBT.V505.FILE369.PDS, moved to PDS/LM023ZAP
2023-08-06 03:41:57.283142 - Found LM02301A.txt (text/plain) in CBT.V505.FILE369.PDS, moved to PDS/LM02301A
2023-08-06 03:41:57.284066 - Found LM02702.txt (text/plain) in CBT.V505.FILE369.PDS, moved to PDS/LM02702
2023-08-06 03:41:57.284946 - Found LM02802.txt (text/plain) in CBT.V505.FILE369.PDS, moved to PDS/LM02802
2023-08-06 03:41:57.285852 - Found LM04202.txt (text/plain) in CBT.V505.FILE369.PDS, moved to PDS/LM04202
2023-08-06 03:41:57.286785 - Found LOCUTIL.txt (text/plain) in CBT.V505.FILE369.PDS, moved to PDS/LOCUTIL
2023-08-06 03:41:57.287759 - Found NONDESC.txt (text/plain) in CBT.V505.FILE369.PDS, moved to PDS/NONDESC
2023-08-06 03:41:57.288721 - Found PRCJFCB.txt (text/plain) in CBT.V505.FILE369.PDS, moved to PDS/PRCJFCB
2023-08-06 03:41:57.289747 - Found PRCSMFDR.txt (text/plain) in CBT.V505.FILE369.PDS, moved to PDS/PRCSMFDR
2023-08-06 03:41:57.290705 - Found PRC38DSN.txt (text/plain) in CBT.V505.FILE369.PDS, moved to PDS/PRC38DSN
2023-08-06 03:41:57.291641 - Found PRIME.txt (text/plain) in CBT.V505.FILE369.PDS, moved to PDS/PRIME
2023-08-06 03:41:57.292607 - Found PRINTOFF.txt (text/plain) in CBT.V505.FILE369.PDS, moved to PDS/PRINTOFF
2023-08-06 03:41:57.293658 - Found PRINTSEP.txt (text/plain) in CBT.V505.FILE369.PDS, moved to PDS/PRINTSEP
2023-08-06 03:41:57.294641 - Found RECEIVED.txt (text/plain) in CBT.V505.FILE369.PDS, moved to PDS/RECEIVED
2023-08-06 03:41:57.295634 - Found REGS.txt (text/plain) in CBT.V505.FILE369.PDS, moved to PDS/REGS
2023-08-06 03:41:57.296524 - Found REPLYTO.txt (text/plain) in CBT.V505.FILE369.PDS, moved to PDS/REPLYTO
2023-08-06 03:41:57.297410 - Found REPLYTOO.txt (text/plain) in CBT.V505.FILE369.PDS, moved to PDS/REPLYTOO
2023-08-06 03:41:57.298291 - Found SD.txt (text/plain) in CBT.V505.FILE369.PDS, moved to PDS/SD
2023-08-06 03:41:57.299140 - Found SELMEMBR.txt (text/plain) in CBT.V505.FILE369.PDS, moved to PDS/SELMEMBR
2023-08-06 03:41:57.299978 - Found SELMEMP1.txt (text/plain) in CBT.V505.FILE369.PDS, moved to PDS/SELMEMP1
2023-08-06 03:41:57.300812 - Found SID.txt (text/plain) in CBT.V505.FILE369.PDS, moved to PDS/SID
2023-08-06 03:41:57.301792 - Found SITEID.txt (text/plain) in CBT.V505.FILE369.PDS, moved to PDS/SITEID
2023-08-06 03:41:57.302670 - Found SMF240.txt (text/plain) in CBT.V505.FILE369.PDS, moved to PDS/SMF240
2023-08-06 03:41:57.303693 - Found SPY.txt (text/plain) in CBT.V505.FILE369.PDS, moved to PDS/SPY
2023-08-06 03:41:57.304614 - Found SRCDOC.txt (text/plain) in CBT.V505.FILE369.PDS, moved to PDS/SRCDOC
2023-08-06 03:41:57.305613 - Found SUBAUTHX.txt (text/plain) in CBT.V505.FILE369.PDS, moved to PDS/SUBAUTHX
2023-08-06 03:41:57.306485 - Found TCAMFIX.txt (text/plain) in CBT.V505.FILE369.PDS, moved to PDS/TCAMFIX
2023-08-06 03:41:57.307309 - Found TERME.txt (text/plain) in CBT.V505.FILE369.PDS, moved to PDS/TERME
2023-08-06 03:41:57.308093 - Found TLBLABEL.txt (text/plain) in CBT.V505.FILE369.PDS, moved to PDS/TLBLABEL
2023-08-06 03:41:57.308939 - Found TLBLCVT.txt (text/plain) in CBT.V505.FILE369.PDS, moved to PDS/TLBLCVT
2023-08-06 03:41:57.309941 - Found TLBLMAIN.txt (text/plain) in CBT.V505.FILE369.PDS, moved to PDS/TLBLMAIN
2023-08-06 03:41:57.310857 - Found TLBLMXIT.txt (text/plain) in CBT.V505.FILE369.PDS, moved to PDS/TLBLMXIT
2023-08-06 03:41:57.311772 - Found WAIT.txt (text/plain) in CBT.V505.FILE369.PDS, moved to PDS/WAIT
2023-08-06 03:41:57.312693 - Found WTO.txt (text/plain) in CBT.V505.FILE369.PDS, moved to PDS/WTO
2023-08-06 03:41:57.313613 - Found WTONR.txt (text/plain) in CBT.V505.FILE369.PDS, moved to PDS/WTONR
